<?xml version="1.0" encoding="UTF-8"?>
<!-- Generated by org.testng.reporters.JUnitReportReporter -->
<testsuite hostname="CBELAP-067" failures="0" tests="2" name="test.Configure" time="0.147" errors="0" timestamp="2020-08-19T15:30:02 IST" skipped="0">
  <testcase classname="test.Configure" name="titletest" time="0.058"/>
  <testcase classname="test.Configure" name="logotest" time="0.089"/>
</testsuite> <!-- test.Configure -->
